# JRE version: OpenJDK Runtime Environment Temurin-21.0.6+7 (21.0.6+7) (build 21.0.6+7-LTS)
# Java VM: OpenJDK 64-Bit Server VM Temurin-21.0.6+7 (21.0.6+7-LTS, mixed mode, sharing, tiered, compressed oops, compressed class ptrs, parallel gc, windows-amd64)
GC Precious Log:
 CardTable entry size: 512
 CPUs: 16 total, 16 available
 Memory: 16312M
 Large Page Support: Disabled
 NUMA Support: Disabled
 Compressed Oops: Enabled (32-bit)
 Alignments: Space 512K, Generation 512K, Heap 2M
 Heap Min Capacity: 100M
 Heap Initial Capacity: 100M
 Heap Max Capacity: 1G
 Pre-touch: Disabled
 Parallel Workers: 13
Heap:
 PSYoungGen      total 6144K, used 4785K [0x00000000eab00000, 0x00000000eb400000, 0x0000000100000000)
  eden space 3072K, 87% used [0x00000000eab00000,0x00000000ead9e570,0x00000000eae00000)
  from space 3072K, 68% used [0x00000000eae00000,0x00000000eb00e000,0x00000000eb100000)
  to   space 2560K, 99% used [0x00000000eb180000,0x00000000eb3fc000,0x00000000eb400000)
 ParOldGen       total 292352K, used 291892K [0x00000000c0000000, 0x00000000d1d80000, 0x00000000eab00000)
  object space 292352K, 99% used [0x00000000c0000000,0x00000000d1d0d0d0,0x00000000d1d80000)
 Metaspace       used 106927K, committed 108864K, reserved 1179648K
  class space    used 11690K, committed 12608K, reserved 1048576K
GC Heap History (20 events):
Event: 49953.692 GC heap after
{Heap after GC invocations=4865 (full 13):
 PSYoungGen      total 4608K, used 512K [0x00000000eab00000, 0x00000000eb400000, 0x0000000100000000)
  eden space 4096K, 0% used [0x00000000eab00000,0x00000000eab00000,0x00000000eaf00000)
  from space 512K, 100% used [0x00000000eb380000,0x00000000eb400000,0x00000000eb400000)
  to   space 1536K, 0% used [0x00000000eb100000,0x00000000eb100000,0x00000000eb280000)
 ParOldGen       total 272384K, used 271912K [0x00000000c0000000, 0x00000000d0a00000, 0x00000000eab00000)
  object space 272384K, 99% used [0x00000000c0000000,0x00000000d098a158,0x00000000d0a00000)
 Metaspace       used 106926K, committed 108864K, reserved 1179648K
  class space    used 11690K, committed 12608K, reserved 1048576K
}
Event: 49954.819 GC heap before
{Heap before GC invocations=4866 (full 13):
 PSYoungGen      total 4608K, used 4515K [0x00000000eab00000, 0x00000000eb400000, 0x0000000100000000)
  eden space 4096K, 97% used [0x00000000eab00000,0x00000000eaee8ef0,0x00000000eaf00000)
  from space 512K, 100% used [0x00000000eb380000,0x00000000eb400000,0x00000000eb400000)
  to   space 1536K, 0% used [0x00000000eb100000,0x00000000eb100000,0x00000000eb280000)
 ParOldGen       total 272384K, used 271912K [0x00000000c0000000, 0x00000000d0a00000, 0x00000000eab00000)
  object space 272384K, 99% used [0x00000000c0000000,0x00000000d098a158,0x00000000d0a00000)
 Metaspace       used 106927K, committed 108864K, reserved 1179648K
  class space    used 11690K, committed 12608K, reserved 1048576K
}
Event: 49954.821 GC heap after
{Heap after GC invocations=4866 (full 13):
 PSYoungGen      total 5632K, used 1158K [0x00000000eab00000, 0x00000000eb400000, 0x0000000100000000)
  eden space 4096K, 0% used [0x00000000eab00000,0x00000000eab00000,0x00000000eaf00000)
  from space 1536K, 75% used [0x00000000eb100000,0x00000000eb221a68,0x00000000eb280000)
  to   space 1536K, 0% used [0x00000000eb280000,0x00000000eb280000,0x00000000eb400000)
 ParOldGen       total 272896K, used 272430K [0x00000000c0000000, 0x00000000d0a80000, 0x00000000eab00000)
  object space 272896K, 99% used [0x00000000c0000000,0x00000000d0a0bbf0,0x00000000d0a80000)
 Metaspace       used 106927K, committed 108864K, reserved 1179648K
  class space    used 11690K, committed 12608K, reserved 1048576K
}
Event: 49954.825 GC heap before
{Heap before GC invocations=4867 (full 13):
 PSYoungGen      total 5632K, used 5254K [0x00000000eab00000, 0x00000000eb400000, 0x0000000100000000)
  eden space 4096K, 100% used [0x00000000eab00000,0x00000000eaf00000,0x00000000eaf00000)
  from space 1536K, 75% used [0x00000000eb100000,0x00000000eb221a68,0x00000000eb280000)
  to   space 1536K, 0% used [0x00000000eb280000,0x00000000eb280000,0x00000000eb400000)
 ParOldGen       total 272896K, used 272430K [0x00000000c0000000, 0x00000000d0a80000, 0x00000000eab00000)
  object space 272896K, 99% used [0x00000000c0000000,0x00000000d0a0bbf0,0x00000000d0a80000)
 Metaspace       used 106927K, committed 108864K, reserved 1179648K
  class space    used 11690K, committed 12608K, reserved 1048576K
}
Event: 49954.827 GC heap after
{Heap after GC invocations=4867 (full 13):
 PSYoungGen      total 3072K, used 1510K [0x00000000eab00000, 0x00000000ebb80000, 0x0000000100000000)
  eden space 1536K, 0% used [0x00000000eab00000,0x00000000eab00000,0x00000000eac80000)
  from space 1536K, 98% used [0x00000000eb280000,0x00000000eb3f9a68,0x00000000eb400000)
  to   space 6144K, 0% used [0x00000000eac80000,0x00000000eac80000,0x00000000eb280000)
 ParOldGen       total 275968K, used 275933K [0x00000000c0000000, 0x00000000d0d80000, 0x00000000eab00000)
  object space 275968K, 99% used [0x00000000c0000000,0x00000000d0d77658,0x00000000d0d80000)
 Metaspace       used 106927K, committed 108864K, reserved 1179648K
  class space    used 11690K, committed 12608K, reserved 1048576K
}
Event: 49954.829 GC heap before
{Heap before GC invocations=4868 (full 13):
 PSYoungGen      total 3072K, used 3046K [0x00000000eab00000, 0x00000000ebb80000, 0x0000000100000000)
  eden space 1536K, 100% used [0x00000000eab00000,0x00000000eac80000,0x00000000eac80000)
  from space 1536K, 98% used [0x00000000eb280000,0x00000000eb3f9a68,0x00000000eb400000)
  to   space 6144K, 0% used [0x00000000eac80000,0x00000000eac80000,0x00000000eb280000)
 ParOldGen       total 275968K, used 275933K [0x00000000c0000000, 0x00000000d0d80000, 0x00000000eab00000)
  object space 275968K, 99% used [0x00000000c0000000,0x00000000d0d77658,0x00000000d0d80000)
 Metaspace       used 106927K, committed 108864K, reserved 1179648K
  class space    used 11690K, committed 12608K, reserved 1048576K
}
Event: 49954.831 GC heap after
{Heap after GC invocations=4868 (full 13):
 PSYoungGen      total 5120K, used 3206K [0x00000000eab00000, 0x00000000eb500000, 0x0000000100000000)
  eden space 1536K, 0% used [0x00000000eab00000,0x00000000eab00000,0x00000000eac80000)
  from space 3584K, 89% used [0x00000000eac80000,0x00000000eafa1a68,0x00000000eb000000)
  to   space 4096K, 0% used [0x00000000eb100000,0x00000000eb100000,0x00000000eb500000)
 ParOldGen       total 276480K, used 276029K [0x00000000c0000000, 0x00000000d0e00000, 0x00000000eab00000)
  object space 276480K, 99% used [0x00000000c0000000,0x00000000d0d8f658,0x00000000d0e00000)
 Metaspace       used 106927K, committed 108864K, reserved 1179648K
  class space    used 11690K, committed 12608K, reserved 1048576K
}
Event: 49954.833 GC heap before
{Heap before GC invocations=4869 (full 13):
 PSYoungGen      total 5120K, used 4742K [0x00000000eab00000, 0x00000000eb500000, 0x0000000100000000)
  eden space 1536K, 100% used [0x00000000eab00000,0x00000000eac80000,0x00000000eac80000)
  from space 3584K, 89% used [0x00000000eac80000,0x00000000eafa1a68,0x00000000eb000000)
  to   space 4096K, 0% used [0x00000000eb100000,0x00000000eb100000,0x00000000eb500000)
 ParOldGen       total 276480K, used 276029K [0x00000000c0000000, 0x00000000d0e00000, 0x00000000eab00000)
  object space 276480K, 99% used [0x00000000c0000000,0x00000000d0d8f658,0x00000000d0e00000)
 Metaspace       used 106927K, committed 108864K, reserved 1179648K
  class space    used 11690K, committed 12608K, reserved 1048576K
}
Event: 49954.835 GC heap after
{Heap after GC invocations=4869 (full 13):
 PSYoungGen      total 5632K, used 3168K [0x00000000eab00000, 0x00000000eb480000, 0x0000000100000000)
  eden space 2048K, 0% used [0x00000000eab00000,0x00000000eab00000,0x00000000ead00000)
  from space 3584K, 88% used [0x00000000eb100000,0x00000000eb418000,0x00000000eb480000)
  to   space 3584K, 0% used [0x00000000ead80000,0x00000000ead80000,0x00000000eb100000)
 ParOldGen       total 278016K, used 277588K [0x00000000c0000000, 0x00000000d0f80000, 0x00000000eab00000)
  object space 278016K, 99% used [0x00000000c0000000,0x00000000d0f150d0,0x00000000d0f80000)
 Metaspace       used 106927K, committed 108864K, reserved 1179648K
  class space    used 11690K, committed 12608K, reserved 1048576K
}
Event: 49954.838 GC heap before
{Heap before GC invocations=4870 (full 13):
 PSYoungGen      total 5632K, used 5216K [0x00000000eab00000, 0x00000000eb480000, 0x0000000100000000)
  eden space 2048K, 100% used [0x00000000eab00000,0x00000000ead00000,0x00000000ead00000)
  from space 3584K, 88% used [0x00000000eb100000,0x00000000eb418000,0x00000000eb480000)
  to   space 3584K, 0% used [0x00000000ead80000,0x00000000ead80000,0x00000000eb100000)
 ParOldGen       total 278016K, used 277588K [0x00000000c0000000, 0x00000000d0f80000, 0x00000000eab00000)
  object space 278016K, 99% used [0x00000000c0000000,0x00000000d0f150d0,0x00000000d0f80000)
 Metaspace       used 106927K, committed 108864K, reserved 1179648K
  class space    used 11690K, committed 12608K, reserved 1048576K
}
Event: 49954.840 GC heap after
{Heap after GC invocations=4870 (full 13):
 PSYoungGen      total 5120K, used 2240K [0x00000000eab00000, 0x00000000eb380000, 0x0000000100000000)
  eden space 2560K, 0% used [0x00000000eab00000,0x00000000eab00000,0x00000000ead80000)
  from space 2560K, 87% used [0x00000000ead80000,0x00000000eafb0000,0x00000000eb000000)
  to   space 3072K, 0% used [0x00000000eb080000,0x00000000eb080000,0x00000000eb380000)
 ParOldGen       total 281088K, used 280668K [0x00000000c0000000, 0x00000000d1280000, 0x00000000eab00000)
  object space 281088K, 99% used [0x00000000c0000000,0x00000000d12170d0,0x00000000d1280000)
 Metaspace       used 106927K, committed 108864K, reserved 1179648K
  class space    used 11690K, committed 12608K, reserved 1048576K
}
Event: 49954.843 GC heap before
{Heap before GC invocations=4871 (full 13):
 PSYoungGen      total 5120K, used 4800K [0x00000000eab00000, 0x00000000eb380000, 0x0000000100000000)
  eden space 2560K, 100% used [0x00000000eab00000,0x00000000ead80000,0x00000000ead80000)
  from space 2560K, 87% used [0x00000000ead80000,0x00000000eafb0000,0x00000000eb000000)
  to   space 3072K, 0% used [0x00000000eb080000,0x00000000eb080000,0x00000000eb380000)
 ParOldGen       total 281088K, used 280668K [0x00000000c0000000, 0x00000000d1280000, 0x00000000eab00000)
  object space 281088K, 99% used [0x00000000c0000000,0x00000000d12170d0,0x00000000d1280000)
 Metaspace       used 106927K, committed 108864K, reserved 1179648K
  class space    used 11690K, committed 12608K, reserved 1048576K
}
Event: 49954.845 GC heap after
{Heap after GC invocations=4871 (full 13):
 PSYoungGen      total 5632K, used 2720K [0x00000000eab00000, 0x00000000eb400000, 0x0000000100000000)
  eden space 2560K, 0% used [0x00000000eab00000,0x00000000eab00000,0x00000000ead80000)
  from space 3072K, 88% used [0x00000000eb080000,0x00000000eb328000,0x00000000eb380000)
  to   space 3072K, 0% used [0x00000000ead80000,0x00000000ead80000,0x00000000eb080000)
 ParOldGen       total 283136K, used 282772K [0x00000000c0000000, 0x00000000d1480000, 0x00000000eab00000)
  object space 283136K, 99% used [0x00000000c0000000,0x00000000d14250d0,0x00000000d1480000)
 Metaspace       used 106927K, committed 108864K, reserved 1179648K
  class space    used 11690K, committed 12608K, reserved 1048576K
}
Event: 49954.849 GC heap before
{Heap before GC invocations=4872 (full 13):
 PSYoungGen      total 5632K, used 5280K [0x00000000eab00000, 0x00000000eb400000, 0x0000000100000000)
  eden space 2560K, 100% used [0x00000000eab00000,0x00000000ead80000,0x00000000ead80000)
  from space 3072K, 88% used [0x00000000eb080000,0x00000000eb328000,0x00000000eb380000)
  to   space 3072K, 0% used [0x00000000ead80000,0x00000000ead80000,0x00000000eb080000)
 ParOldGen       total 283136K, used 282772K [0x00000000c0000000, 0x00000000d1480000, 0x00000000eab00000)
  object space 283136K, 99% used [0x00000000c0000000,0x00000000d14250d0,0x00000000d1480000)
 Metaspace       used 106927K, committed 108864K, reserved 1179648K
  class space    used 11690K, committed 12608K, reserved 1048576K
}
Event: 49954.851 GC heap after
{Heap after GC invocations=4872 (full 13):
 PSYoungGen      total 5632K, used 2720K [0x00000000eab00000, 0x00000000eb400000, 0x0000000100000000)
  eden space 2560K, 0% used [0x00000000eab00000,0x00000000eab00000,0x00000000ead80000)
  from space 3072K, 88% used [0x00000000ead80000,0x00000000eb028000,0x00000000eb080000)
  to   space 3072K, 0% used [0x00000000eb100000,0x00000000eb100000,0x00000000eb400000)
 ParOldGen       total 285696K, used 285372K [0x00000000c0000000, 0x00000000d1700000, 0x00000000eab00000)
  object space 285696K, 99% used [0x00000000c0000000,0x00000000d16af0d0,0x00000000d1700000)
 Metaspace       used 106927K, committed 108864K, reserved 1179648K
  class space    used 11690K, committed 12608K, reserved 1048576K
}
Event: 49954.855 GC heap before
{Heap before GC invocations=4873 (full 13):
 PSYoungGen      total 5632K, used 5258K [0x00000000eab00000, 0x00000000eb400000, 0x0000000100000000)
  eden space 2560K, 99% used [0x00000000eab00000,0x00000000ead7abd8,0x00000000ead80000)
  from space 3072K, 88% used [0x00000000ead80000,0x00000000eb028000,0x00000000eb080000)
  to   space 3072K, 0% used [0x00000000eb100000,0x00000000eb100000,0x00000000eb400000)
 ParOldGen       total 285696K, used 285372K [0x00000000c0000000, 0x00000000d1700000, 0x00000000eab00000)
  object space 285696K, 99% used [0x00000000c0000000,0x00000000d16af0d0,0x00000000d1700000)
 Metaspace       used 106927K, committed 108864K, reserved 1179648K
  class space    used 11690K, committed 12608K, reserved 1048576K
}
Event: 49954.856 GC heap after
{Heap after GC invocations=4873 (full 13):
 PSYoungGen      total 6144K, used 2688K [0x00000000eab00000, 0x00000000eb400000, 0x0000000100000000)
  eden space 3072K, 0% used [0x00000000eab00000,0x00000000eab00000,0x00000000eae00000)
  from space 3072K, 87% used [0x00000000eb100000,0x00000000eb3a0000,0x00000000eb400000)
  to   space 3072K, 0% used [0x00000000eae00000,0x00000000eae00000,0x00000000eb100000)
 ParOldGen       total 288256K, used 287988K [0x00000000c0000000, 0x00000000d1980000, 0x00000000eab00000)
  object space 288256K, 99% used [0x00000000c0000000,0x00000000d193d0d0,0x00000000d1980000)
 Metaspace       used 106927K, committed 108864K, reserved 1179648K
  class space    used 11690K, committed 12608K, reserved 1048576K
}
Event: 49954.870 GC heap before
{Heap before GC invocations=4874 (full 13):
 PSYoungGen      total 6144K, used 5349K [0x00000000eab00000, 0x00000000eb400000, 0x0000000100000000)
  eden space 3072K, 86% used [0x00000000eab00000,0x00000000ead99630,0x00000000eae00000)
  from space 3072K, 87% used [0x00000000eb100000,0x00000000eb3a0000,0x00000000eb400000)
  to   space 3072K, 0% used [0x00000000eae00000,0x00000000eae00000,0x00000000eb100000)
 ParOldGen       total 288256K, used 287988K [0x00000000c0000000, 0x00000000d1980000, 0x00000000eab00000)
  object space 288256K, 99% used [0x00000000c0000000,0x00000000d193d0d0,0x00000000d1980000)
 Metaspace       used 106927K, committed 108864K, reserved 1179648K
  class space    used 11690K, committed 12608K, reserved 1048576K
}
Event: 49954.872 GC heap after
{Heap after GC invocations=4874 (full 13):
 PSYoungGen      total 6144K, used 2104K [0x00000000eab00000, 0x00000000eb400000, 0x0000000100000000)
  eden space 3072K, 0% used [0x00000000eab00000,0x00000000eab00000,0x00000000eae00000)
  from space 3072K, 68% used [0x00000000eae00000,0x00000000eb00e000,0x00000000eb100000)
  to   space 2560K, 0% used [0x00000000eb180000,0x00000000eb180000,0x00000000eb400000)
 ParOldGen       total 290816K, used 290484K [0x00000000c0000000, 0x00000000d1c00000, 0x00000000eab00000)
  object space 290816K, 99% used [0x00000000c0000000,0x00000000d1bad0d0,0x00000000d1c00000)
 Metaspace       used 106927K, committed 108864K, reserved 1179648K
  class space    used 11690K, committed 12608K, reserved 1048576K
}
Event: 49954.912 GC heap before
{Heap before GC invocations=4875 (full 13):
 PSYoungGen      total 6144K, used 4785K [0x00000000eab00000, 0x00000000eb400000, 0x0000000100000000)
  eden space 3072K, 87% used [0x00000000eab00000,0x00000000ead9e570,0x00000000eae00000)
  from space 3072K, 68% used [0x00000000eae00000,0x00000000eb00e000,0x00000000eb100000)
  to   space 2560K, 0% used [0x00000000eb180000,0x00000000eb180000,0x00000000eb400000)
 ParOldGen       total 290816K, used 290484K [0x00000000c0000000, 0x00000000d1c00000, 0x00000000eab00000)
  object space 290816K, 99% used [0x00000000c0000000,0x00000000d1bad0d0,0x00000000d1c00000)
 Metaspace       used 106927K, committed 108864K, reserved 1179648K
  class space    used 11690K, committed 12608K, reserved 1048576K
}

